#
# There is insufficient memory for the Java Runtime Environment to continue.
# Native memory allocation (malloc) failed to allocate 2132656 bytes for Chunk::new
# Possible reasons:
#   The system is out of physical RAM or swap space
#   The process is running with CompressedOops enabled, and the Java Heap may be blocking the growth of the native heap
# Possible solutions:
#   Reduce memory load on the system
#   Increase physical memory or swap space
#   Check if swap backing store is full
#   Decrease Java heap size (-Xmx/-Xms)
#   Decrease number of Java threads
#   Decrease Java thread stack sizes (-Xss)
#   Set larger code cache with -XX:ReservedCodeCacheSize=
#   JVM is running with Unscaled Compressed Oops mode in which the Java heap is
#     placed in the first 4GB address space. The Java Heap base address is the
#     maximum limit for the native heap growth. Please use -XX:HeapBaseMinAddress
#     to set the Java Heap base and to place the Java Heap above 4GB virtual address.
# This output file may be truncated or incomplete.
#
#  Out of Memory Error (allocation.cpp:389), pid=20032, tid=0x0000000000004b54
#
# JRE version: Java(TM) SE Runtime Environment (8.0_321-b07) (build 1.8.0_321-b07)
# Java VM: Java HotSpot(TM) 64-Bit Server VM (25.321-b07 mixed mode windows-amd64 compressed oops)
# Failed to write core dump. Minidumps are not enabled by default on client versions of Windows
#

---------------  T H R E A D  ---------------

Current thread (0x000001c1a7bd2800):  JavaThread "C2 CompilerThread0" daemon [_thread_in_native, id=19284, stack(0x0000008216e00000,0x0000008216f00000)]

Stack: [0x0000008216e00000,0x0000008216f00000]
Native frames: (J=compiled Java code, j=interpreted, Vv=VM code, C=native code)
V  [jvm.dll+0x32fc49]
V  [jvm.dll+0x2761a2]
V  [jvm.dll+0x276e4d]
V  [jvm.dll+0x26d7f5]
V  [jvm.dll+0xd5a0c]
V  [jvm.dll+0xd620c]
V  [jvm.dll+0x4716a3]
V  [jvm.dll+0x438d60]
V  [jvm.dll+0x441d65]
V  [jvm.dll+0x441125]
V  [jvm.dll+0x42becb]
V  [jvm.dll+0xac68b]
V  [jvm.dll+0xaaceb]
V  [jvm.dll+0x23e6f2]
V  [jvm.dll+0x292edc]
C  [ucrtbase.dll+0x26c0c]
C  [KERNEL32.DLL+0x154e0]
C  [ntdll.dll+0x485b]


Current CompileTask:
C2:  14119 1609   !   4       java.net.URLClassLoader$1::run (81 bytes)


---------------  P R O C E S S  ---------------

Java Threads: ( => current thread )
  0x000001c1aa11c800 JavaThread "Cache worker for file hash cache (C:\Users\pjeno\.gradle\caches\7.1\fileHashes)" [_thread_blocked, id=13724, stack(0x0000008218000000,0x0000008218100000)]
  0x000001c1aa117000 JavaThread "File lock request listener" [_thread_in_native, id=496, stack(0x0000008217f00000,0x0000008218000000)]
  0x000001c1aa118800 JavaThread "Cache worker for journal cache (C:\Users\pjeno\.gradle\caches\journal-1)" [_thread_blocked, id=1468, stack(0x0000008217e00000,0x0000008217f00000)]
  0x000001c1a8fac800 JavaThread "Daemon client event forwarder" [_thread_blocked, id=12272, stack(0x0000008217d00000,0x0000008217e00000)]
  0x000001c1a8fab000 JavaThread "Stdin handler" [_thread_blocked, id=12900, stack(0x0000008217c00000,0x0000008217d00000)]
  0x000001c194671800 JavaThread "Asynchronous log dispatcher for DefaultDaemonConnection: socket connection from /127.0.0.1:58653 to /127.0.0.1:58654" [_thread_blocked, id=21092, stack(0x0000008217b00000,0x0000008217c00000)]
  0x000001c1a9fc2800 JavaThread "Daemon worker" [_thread_in_native, id=3704, stack(0x0000008217a00000,0x0000008217b00000)]
  0x000001c1aa913800 JavaThread "Cancel handler" [_thread_blocked, id=12256, stack(0x0000008217900000,0x0000008217a00000)]
  0x000001c1aa90f000 JavaThread "Handler for socket connection from /127.0.0.1:58653 to /127.0.0.1:58654" [_thread_in_native, id=18864, stack(0x0000008217800000,0x0000008217900000)]
  0x000001c1aa907800 JavaThread "Daemon" [_thread_blocked, id=4684, stack(0x0000008217700000,0x0000008217800000)]
  0x000001c1a9fc3800 JavaThread "Daemon periodic checks" [_thread_blocked, id=7560, stack(0x0000008217600000,0x0000008217700000)]
  0x000001c1aa25d800 JavaThread "Incoming local TCP Connector on port 58653" [_thread_in_native, id=12516, stack(0x0000008217500000,0x0000008217600000)]
  0x000001c1aa169000 JavaThread "Daemon health stats" [_thread_blocked, id=17572, stack(0x0000008217400000,0x0000008217500000)]
  0x000001c1a8fa0800 JavaThread "Service Thread" daemon [_thread_blocked, id=5996, stack(0x0000008217200000,0x0000008217300000)]
  0x000001c1a7bde000 JavaThread "C1 CompilerThread3" daemon [_thread_blocked, id=18760, stack(0x0000008217100000,0x0000008217200000)]
  0x000001c1a7bd7800 JavaThread "C2 CompilerThread2" daemon [_thread_blocked, id=5084, stack(0x0000008217000000,0x0000008217100000)]
  0x000001c1a7bd4800 JavaThread "C2 CompilerThread1" daemon [_thread_blocked, id=15464, stack(0x0000008216f00000,0x0000008217000000)]
=>0x000001c1a7bd2800 JavaThread "C2 CompilerThread0" daemon [_thread_in_native, id=19284, stack(0x0000008216e00000,0x0000008216f00000)]
  0x000001c1a7bcf000 JavaThread "Attach Listener" daemon [_thread_blocked, id=19444, stack(0x0000008216d00000,0x0000008216e00000)]
  0x000001c1a7bce000 JavaThread "Signal Dispatcher" daemon [_thread_blocked, id=7612, stack(0x0000008216c00000,0x0000008216d00000)]
  0x000001c1a6fbe800 JavaThread "Finalizer" daemon [_thread_blocked, id=20292, stack(0x0000008216b00000,0x0000008216c00000)]
  0x000001c1a7baa000 JavaThread "Reference Handler" daemon [_thread_blocked, id=6908, stack(0x0000008216a00000,0x0000008216b00000)]
  0x000001c1946a0800 JavaThread "main" [_thread_blocked, id=20488, stack(0x0000008216000000,0x0000008216100000)]

Other Threads:
  0x000001c1a7b86800 VMThread [stack: 0x0000008216900000,0x0000008216a00000] [id=4600]
  0x000001c1a7c5e800 WatcherThread [stack: 0x0000008217300000,0x0000008217400000] [id=32]

VM state:not at safepoint (normal execution)

VM Mutex/Monitor currently owned by a thread: None

heap address: 0x00000000e0000000, size: 512 MB, Compressed Oops mode: 32-bit
Narrow klass base: 0x0000000000000000, Narrow klass shift: 3
Compressed class space size: 1073741824 Address: 0x0000000100000000

Heap:
 PSYoungGen      total 141824K, used 48468K [0x00000000f5580000, 0x00000000fea80000, 0x0000000100000000)
  eden space 131072K, 29% used [0x00000000f5580000,0x00000000f7bae8e0,0x00000000fd580000)
  from space 10752K, 87% used [0x00000000fe000000,0x00000000fe926980,0x00000000fea80000)
  to   space 10752K, 0% used [0x00000000fd580000,0x00000000fd580000,0x00000000fe000000)
 ParOldGen       total 175104K, used 24K [0x00000000e0000000, 0x00000000eab00000, 0x00000000f5580000)
  object space 175104K, 0% used [0x00000000e0000000,0x00000000e0006000,0x00000000eab00000)
 Metaspace       used 16908K, capacity 17534K, committed 17792K, reserved 1064960K
  class space    used 2425K, capacity 2605K, committed 2688K, reserved 1048576K

Card table byte_map: [0x000001c1a5400000,0x000001c1a5510000] byte_map_base: 0x000001c1a4d00000

Marking Bits: (ParMarkBitMap*) 0x0000000052fc9030
 Begin Bits: [0x000001c1a55c0000, 0x000001c1a5dc0000)
 End Bits:   [0x000001c1a5dc0000, 0x000001c1a65c0000)

Polling page: 0x000001c194820000

CodeCache: size=245760Kb used=5415Kb max_used=5449Kb free=240344Kb
 bounds [0x000001c196040000, 0x000001c1965b0000, 0x000001c1a5040000]
 total_blobs=1934 nmethods=1512 adapters=334
 compilation: enabled

Compilation events (10 events):
Event: 12.831 Thread 0x000001c1a7bde000 1641       3       jdk.internal.org.objectweb.asm.MethodWriter::visitFrame (233 bytes)
Event: 12.832 Thread 0x000001c1a7bde000 nmethod 1641 0x000001c19623c890 code [0x000001c19623ca60, 0x000001c19623d260]
Event: 13.552 Thread 0x000001c1a7bde000 1642       3       java.util.concurrent.locks.ReentrantLock$Sync::nonfairTryAcquire (67 bytes)
Event: 13.553 Thread 0x000001c1a7bde000 nmethod 1642 0x000001c19623be50 code [0x000001c19623bfe0, 0x000001c19623c710]
Event: 13.773 Thread 0x000001c1a7bde000 1643       3       java.util.concurrent.locks.AbstractQueuedSynchronizer::isOnSyncQueue (33 bytes)
Event: 13.774 Thread 0x000001c1a7bde000 nmethod 1643 0x000001c19623b7d0 code [0x000001c19623b940, 0x000001c19623bcd8]
Event: 13.790 Thread 0x000001c1a7bde000 1644       3       java.util.concurrent.locks.LockSupport::setBlocker (12 bytes)
Event: 13.790 Thread 0x000001c1a7bde000 nmethod 1644 0x000001c1962b1d50 code [0x000001c1962b1ea0, 0x000001c1962b1ff8]
Event: 13.809 Thread 0x000001c1a7bde000 1645       3       java.util.concurrent.locks.ReentrantLock$NonfairSync::tryAcquire (6 bytes)
Event: 13.809 Thread 0x000001c1a7bde000 nmethod 1645 0x000001c1962b1950 code [0x000001c1962b1ac0, 0x000001c1962b1cd0]

GC Heap History (4 events):
Event: 6.191 GC heap before
{Heap before GC invocations=1 (full 0):
 PSYoungGen      total 76288K, used 65536K [0x00000000f5580000, 0x00000000faa80000, 0x0000000100000000)
  eden space 65536K, 100% used [0x00000000f5580000,0x00000000f9580000,0x00000000f9580000)
  from space 10752K, 0% used [0x00000000fa000000,0x00000000fa000000,0x00000000faa80000)
  to   space 10752K, 0% used [0x00000000f9580000,0x00000000f9580000,0x00000000fa000000)
 ParOldGen       total 175104K, used 0K [0x00000000e0000000, 0x00000000eab00000, 0x00000000f5580000)
  object space 175104K, 0% used [0x00000000e0000000,0x00000000e0000000,0x00000000eab00000)
 Metaspace       used 7781K, capacity 8028K, committed 8320K, reserved 1056768K
  class space    used 976K, capacity 1084K, committed 1152K, reserved 1048576K
Event: 6.295 GC heap after
Heap after GC invocations=1 (full 0):
 PSYoungGen      total 76288K, used 6559K [0x00000000f5580000, 0x00000000fea80000, 0x0000000100000000)
  eden space 65536K, 0% used [0x00000000f5580000,0x00000000f5580000,0x00000000f9580000)
  from space 10752K, 61% used [0x00000000f9580000,0x00000000f9be7e08,0x00000000fa000000)
  to   space 10752K, 0% used [0x00000000fe000000,0x00000000fe000000,0x00000000fea80000)
 ParOldGen       total 175104K, used 16K [0x00000000e0000000, 0x00000000eab00000, 0x00000000f5580000)
  object space 175104K, 0% used [0x00000000e0000000,0x00000000e0004000,0x00000000eab00000)
 Metaspace       used 7781K, capacity 8028K, committed 8320K, reserved 1056768K
  class space    used 976K, capacity 1084K, committed 1152K, reserved 1048576K
}
Event: 11.400 GC heap before
{Heap before GC invocations=2 (full 0):
 PSYoungGen      total 76288K, used 72095K [0x00000000f5580000, 0x00000000fea80000, 0x0000000100000000)
  eden space 65536K, 100% used [0x00000000f5580000,0x00000000f9580000,0x00000000f9580000)
  from space 10752K, 61% used [0x00000000f9580000,0x00000000f9be7e08,0x00000000fa000000)
  to   space 10752K, 0% used [0x00000000fe000000,0x00000000fe000000,0x00000000fea80000)
 ParOldGen       total 175104K, used 16K [0x00000000e0000000, 0x00000000eab00000, 0x00000000f5580000)
  object space 175104K, 0% used [0x00000000e0000000,0x00000000e0004000,0x00000000eab00000)
 Metaspace       used 13979K, capacity 14358K, committed 14720K, reserved 1062912K
  class space    used 1960K, capacity 2069K, committed 2176K, reserved 1048576K
Event: 11.425 GC heap after
Heap after GC invocations=2 (full 0):
 PSYoungGen      total 141824K, used 9370K [0x00000000f5580000, 0x00000000fea80000, 0x0000000100000000)
  eden space 131072K, 0% used [0x00000000f5580000,0x00000000f5580000,0x00000000fd580000)
  from space 10752K, 87% used [0x00000000fe000000,0x00000000fe926980,0x00000000fea80000)
  to   space 10752K, 0% used [0x00000000fd580000,0x00000000fd580000,0x00000000fe000000)
 ParOldGen       total 175104K, used 24K [0x00000000e0000000, 0x00000000eab00000, 0x00000000f5580000)
  object space 175104K, 0% used [0x00000000e0000000,0x00000000e0006000,0x00000000eab00000)
 Metaspace       used 13979K, capacity 14358K, committed 14720K, reserved 1062912K
  class space    used 1960K, capacity 2069K, committed 2176K, reserved 1048576K
}

Deoptimization events (10 events):
Event: 8.644 Thread 0x000001c1946a0800 Uncommon trap: reason=unstable_if action=reinterpret pc=0x000001c19642af0c method=java.io.WinNTFileSystem.normalize(Ljava/lang/String;II)Ljava/lang/String; @ 90
Event: 10.485 Thread 0x000001c1a9fc2800 Uncommon trap: reason=bimorphic action=maybe_recompile pc=0x000001c1964b93ac method=java.util.HashMap.putVal(ILjava/lang/Object;Ljava/lang/Object;ZZ)Ljava/lang/Object; @ 253
Event: 10.485 Thread 0x000001c1a9fc2800 Uncommon trap: reason=bimorphic action=maybe_recompile pc=0x000001c1964b93ac method=java.util.HashMap.putVal(ILjava/lang/Object;Ljava/lang/Object;ZZ)Ljava/lang/Object; @ 253
Event: 11.662 Thread 0x000001c1a9fc2800 Uncommon trap: reason=class_check action=maybe_recompile pc=0x000001c1963cd448 method=java.util.regex.Matcher.match(II)Z @ 86
Event: 11.712 Thread 0x000001c1a9fc2800 Uncommon trap: reason=class_check action=maybe_recompile pc=0x000001c1963cd448 method=java.util.regex.Matcher.match(II)Z @ 86
Event: 11.713 Thread 0x000001c1a9fc2800 Uncommon trap: reason=class_check action=maybe_recompile pc=0x000001c1963cd448 method=java.util.regex.Matcher.match(II)Z @ 86
Event: 11.714 Thread 0x000001c1a9fc2800 Uncommon trap: reason=class_check action=maybe_recompile pc=0x000001c196201428 method=java.util.regex.Matcher.match(II)Z @ 86
Event: 12.136 Thread 0x000001c1a9fc2800 Uncommon trap: reason=unstable_if action=reinterpret pc=0x000001c196217908 method=java.io.WinNTFileSystem.resolve(Ljava/lang/String;Ljava/lang/String;)Ljava/lang/String; @ 19
Event: 12.137 Thread 0x000001c1a9fc2800 Uncommon trap: reason=unstable_if action=reinterpret pc=0x000001c1963c70e4 method=java.io.File.getName()Ljava/lang/String; @ 16
Event: 12.138 Thread 0x000001c1a9fc2800 Uncommon trap: reason=unstable_if action=reinterpret pc=0x000001c1963c2e1c method=java.lang.String.substring(I)Ljava/lang/String; @ 35

Classes redefined (0 events):
No events

Internal exceptions (10 events):
Event: 0.994 Thread 0x000001c1946a0800 Exception <a 'java/security/PrivilegedActionException'> (0x00000000f6183df8) thrown at [C:\jenkins\workspace\8-2-build-windows-amd64-cygwin\jdk8u321\2141\hotspot\src\share\vm\prims\jvm.cpp, line 1523]
Event: 0.994 Thread 0x000001c1946a0800 Exception <a 'java/security/PrivilegedActionException'> (0x00000000f6184008) thrown at [C:\jenkins\workspace\8-2-build-windows-amd64-cygwin\jdk8u321\2141\hotspot\src\share\vm\prims\jvm.cpp, line 1523]
Event: 1.634 Thread 0x000001c1946a0800 Exception <a 'java/lang/NoClassDefFoundError': org/slf4j/impl/StaticMarkerBinder> (0x00000000f641a748) thrown at [C:\jenkins\workspace\8-2-build-windows-amd64-cygwin\jdk8u321\2141\hotspot\src\share\vm\classfile\systemDictionary.cpp, line 201]
Event: 7.662 Thread 0x000001c1946a0800 Exception <a 'java/lang/NoSuchMethodError': java.lang.Object.lambda$get$0(Ljava/util/function/Supplier;Ljava/lang/Object;)Ljava/lang/Object;> (0x00000000f732ba28) thrown at [C:\jenkins\workspace\8-2-build-windows-amd64-cygwin\jdk8u321\2141\hotspot\src\sha
Event: 10.238 Thread 0x000001c1946a0800 Exception <a 'java/io/IOException'> (0x00000000f7671f68) thrown at [C:\jenkins\workspace\8-2-build-windows-amd64-cygwin\jdk8u321\2141\hotspot\src\share\vm\prims\jni.cpp, line 710]
Event: 11.253 Thread 0x000001c1a9fc2800 Exception <a 'java/lang/NoSuchMethodError': java.lang.Object.lambda$static$0(Lorg/gradle/internal/state/ModelObject;)Ljava/lang/String;> (0x00000000f8fedb10) thrown at [C:\jenkins\workspace\8-2-build-windows-amd64-cygwin\jdk8u321\2141\hotspot\src\share\vm
Event: 12.275 Thread 0x000001c1a9fc2800 Exception <a 'java/lang/NoSuchMethodError': java.lang.Object.lambda$and$0(Ljava/util/function/Predicate;Ljava/lang/Object;)Z> (0x00000000f6d070b0) thrown at [C:\jenkins\workspace\8-2-build-windows-amd64-cygwin\jdk8u321\2141\hotspot\src\share\vm\interprete
Event: 12.290 Thread 0x000001c1a9fc2800 Exception <a 'java/lang/IncompatibleClassChangeError': Found class java.lang.Object, but interface was expected> (0x00000000f6d17540) thrown at [C:\jenkins\workspace\8-2-build-windows-amd64-cygwin\jdk8u321\2141\hotspot\src\share\vm\interpreter\linkResolve
Event: 12.302 Thread 0x000001c1a9fc2800 Exception <a 'java/lang/NoSuchMethodError': java.lang.Object.lambda$or$2(Ljava/util/function/Predicate;Ljava/lang/Object;)Z> (0x00000000f6d1c2f0) thrown at [C:\jenkins\workspace\8-2-build-windows-amd64-cygwin\jdk8u321\2141\hotspot\src\share\vm\interpreter
Event: 12.473 Thread 0x000001c1a9fc2800 Exception <a 'java/lang/NoSuchMethodError': java.lang.Object.lambda$comparing$77a9974f$1(Ljava/util/function/Function;Ljava/lang/Object;Ljava/lang/Object;)I> (0x00000000f740c150) thrown at [C:\jenkins\workspace\8-2-build-windows-amd64-cygwin\jdk8u321\2141

Events (10 events):
Event: 12.849 loading class org/gradle/api/internal/artifacts/ivyservice/modulecache/artifacts/ModuleArtifactsCache
Event: 12.849 loading class org/gradle/api/internal/artifacts/ivyservice/modulecache/artifacts/ModuleArtifactsCache done
Event: 12.852 loading class org/gradle/api/internal/artifacts/ivyservice/modulecache/artifacts/DefaultModuleArtifactsCache
Event: 12.852 loading class org/gradle/api/internal/artifacts/ivyservice/modulecache/artifacts/DefaultModuleArtifactsCache done
Event: 12.859 loading class org/gradle/api/internal/artifacts/ivyservice/modulecache/AbstractModuleMetadataCache
Event: 12.859 loading class org/gradle/api/internal/artifacts/ivyservice/modulecache/AbstractModuleMetadataCache done
Event: 12.863 loading class org/gradle/api/internal/artifacts/ivyservice/modulecache/ModuleMetadataCache
Event: 12.863 loading class org/gradle/api/internal/artifacts/ivyservice/modulecache/ModuleMetadataCache done
Event: 13.865 loading class org/gradle/api/internal/artifacts/ivyservice/modulecache/PersistentModuleMetadataCache
Event: 13.865 loading class org/gradle/api/internal/artifacts/ivyservice/modulecache/PersistentModuleMetadataCache done


Dynamic libraries:
0x00007ff722cf0000 - 0x00007ff722d37000 	C:\Program Files\Java\jdk1.8.0_321\bin\java.exe
0x00007ff9dfe40000 - 0x00007ff9e0049000 	C:\WINDOWS\SYSTEM32\ntdll.dll
0x00007ff9df0e0000 - 0x00007ff9df19d000 	C:\WINDOWS\System32\KERNEL32.DLL
0x00007ff9dd870000 - 0x00007ff9ddbe4000 	C:\WINDOWS\System32\KERNELBASE.dll
0x00007ff9de9c0000 - 0x00007ff9dea6e000 	C:\WINDOWS\System32\ADVAPI32.dll
0x00007ff9deae0000 - 0x00007ff9deb83000 	C:\WINDOWS\System32\msvcrt.dll
0x00007ff9ddce0000 - 0x00007ff9ddd7e000 	C:\WINDOWS\System32\sechost.dll
0x00007ff9dfa50000 - 0x00007ff9dfb70000 	C:\WINDOWS\System32\RPCRT4.dll
0x00007ff9dfb70000 - 0x00007ff9dfd1c000 	C:\WINDOWS\System32\USER32.dll
0x00007ff9dd840000 - 0x00007ff9dd866000 	C:\WINDOWS\System32\win32u.dll
0x00007ff9debf0000 - 0x00007ff9dec19000 	C:\WINDOWS\System32\GDI32.dll
0x00007ff9dd330000 - 0x00007ff9dd442000 	C:\WINDOWS\System32\gdi32full.dll
0x00007ff9dd6e0000 - 0x00007ff9dd77d000 	C:\WINDOWS\System32\msvcp_win.dll
0x00007ff9dd5c0000 - 0x00007ff9dd6d1000 	C:\WINDOWS\System32\ucrtbase.dll
0x00007ff9c65a0000 - 0x00007ff9c6845000 	C:\WINDOWS\WinSxS\amd64_microsoft.windows.common-controls_6595b64144ccf1df_6.0.22000.120_none_9d947278b86cc467\COMCTL32.dll
0x00007ff9de100000 - 0x00007ff9de131000 	C:\WINDOWS\System32\IMM32.DLL
0x00007ff9cf410000 - 0x00007ff9cf425000 	C:\Program Files\Java\jdk1.8.0_321\jre\bin\vcruntime140.dll
0x00007ff9b3750000 - 0x00007ff9b37eb000 	C:\Program Files\Java\jdk1.8.0_321\jre\bin\msvcp140.dll
0x00000000527e0000 - 0x0000000053041000 	C:\Program Files\Java\jdk1.8.0_321\jre\bin\server\jvm.dll
0x00007ff9dfa40000 - 0x00007ff9dfa48000 	C:\WINDOWS\System32\PSAPI.DLL
0x00007ff9d3bd0000 - 0x00007ff9d3c03000 	C:\WINDOWS\SYSTEM32\WINMM.dll
0x00007ff9d23c0000 - 0x00007ff9d23ca000 	C:\WINDOWS\SYSTEM32\VERSION.dll
0x00007ff9ca090000 - 0x00007ff9ca099000 	C:\WINDOWS\SYSTEM32\WSOCK32.dll
0x00007ff9dea70000 - 0x00007ff9deadf000 	C:\WINDOWS\System32\WS2_32.dll
0x00007ff9dc430000 - 0x00007ff9dc448000 	C:\WINDOWS\SYSTEM32\kernel.appcore.dll
0x00007ff9d3fb0000 - 0x00007ff9d3fc0000 	C:\Program Files\Java\jdk1.8.0_321\jre\bin\verify.dll
0x00007ff9cc1e0000 - 0x00007ff9cc20b000 	C:\Program Files\Java\jdk1.8.0_321\jre\bin\java.dll
0x00007ff9c70b0000 - 0x00007ff9c70c8000 	C:\Program Files\Java\jdk1.8.0_321\jre\bin\zip.dll
0x00007ff9df290000 - 0x00007ff9dfa3e000 	C:\WINDOWS\System32\SHELL32.dll
0x00007ff9db4a0000 - 0x00007ff9dbd08000 	C:\WINDOWS\SYSTEM32\windows.storage.dll
0x00007ff9ded60000 - 0x00007ff9df0d8000 	C:\WINDOWS\System32\combase.dll
0x00007ff9db330000 - 0x00007ff9db496000 	C:\WINDOWS\SYSTEM32\wintypes.dll
0x00007ff9df1a0000 - 0x00007ff9df28a000 	C:\WINDOWS\System32\SHCORE.dll
0x00007ff9dde80000 - 0x00007ff9ddedd000 	C:\WINDOWS\System32\shlwapi.dll
0x00007ff9dd260000 - 0x00007ff9dd281000 	C:\WINDOWS\SYSTEM32\profapi.dll
0x00007ff9c6d70000 - 0x00007ff9c6d8c000 	C:\Program Files\Java\jdk1.8.0_321\jre\bin\net.dll
0x00007ff9dc8d0000 - 0x00007ff9dc937000 	C:\WINDOWS\system32\mswsock.dll
0x00007ff9c4be0000 - 0x00007ff9c4bf3000 	C:\Program Files\Java\jdk1.8.0_321\jre\bin\nio.dll
0x00007ff9c4ba0000 - 0x00007ff9c4bc7000 	C:\Users\pjeno\.gradle\native\8bec1ad78214c89d9ad589b4d07fe93259594b29d510b10fafb7a158f7737e5d\windows-amd64\native-platform.dll
0x00007ff994e50000 - 0x00007ff994f8d000 	C:\Users\pjeno\.gradle\native\53dbd7edfb1c66fb8903c78663c9afc45aea4f116125fa6feffd364cf09443e8\windows-amd64\native-platform-file-events.dll
0x00007ff9d2ac0000 - 0x00007ff9d2acd000 	C:\Program Files\Java\jdk1.8.0_321\jre\bin\management.dll
0x00007ff9dcb10000 - 0x00007ff9dcb28000 	C:\WINDOWS\SYSTEM32\CRYPTSP.dll
0x00007ff9dc390000 - 0x00007ff9dc3c5000 	C:\WINDOWS\system32\rsaenh.dll
0x00007ff9dc9c0000 - 0x00007ff9dc9e9000 	C:\WINDOWS\SYSTEM32\USERENV.dll
0x00007ff9dcd10000 - 0x00007ff9dcd37000 	C:\WINDOWS\SYSTEM32\bcrypt.dll
0x00007ff9ddc60000 - 0x00007ff9ddcdf000 	C:\WINDOWS\System32\bcryptprimitives.dll
0x00007ff9dcb30000 - 0x00007ff9dcb3c000 	C:\WINDOWS\SYSTEM32\CRYPTBASE.dll
0x00007ff9dbfa0000 - 0x00007ff9dbfcd000 	C:\WINDOWS\SYSTEM32\IPHLPAPI.DLL
0x00007ff9de9b0000 - 0x00007ff9de9b9000 	C:\WINDOWS\System32\NSI.dll
0x00007ff9d3bb0000 - 0x00007ff9d3bc9000 	C:\WINDOWS\SYSTEM32\dhcpcsvc6.DLL
0x00007ff9d4690000 - 0x00007ff9d46ae000 	C:\WINDOWS\SYSTEM32\dhcpcsvc.DLL
0x00007ff9dc020000 - 0x00007ff9dc107000 	C:\WINDOWS\SYSTEM32\DNSAPI.dll
0x00007ff9dadd0000 - 0x00007ff9daff1000 	C:\WINDOWS\SYSTEM32\dbghelp.dll

VM Arguments:
jvm_args: -XX:MaxMetaspaceSize=256m -XX:+HeapDumpOnOutOfMemoryError -Xms256m -Xmx512m -Dfile.encoding=windows-1252 -Duser.country=CA -Duser.language=en -Duser.variant 
java_command: org.gradle.launcher.daemon.bootstrap.GradleDaemon 7.1
java_class_path (initial): C:\Users\pjeno\.gradle\wrapper\dists\gradle-7.1-bin\4pslxx9lrxt5svtz5wbnb6tkz\gradle-7.1\lib\gradle-launcher-7.1.jar
Launcher Type: SUN_STANDARD

Environment Variables:
JAVA_HOME=C:\Program Files\Java\jdk1.8.0_321
PATH=C:\Program Files (x86)\Common Files\Oracle\Java\javapath;C:\WINDOWS\system32;C:\WINDOWS;C:\WINDOWS\System32\Wbem;C:\WINDOWS\System32\WindowsPowerShell\v1.0\;C:\WINDOWS\System32\OpenSSH\;C:\Program Files\Java\jdk1.8.0_321\bin;C:\Gradle\gradle-7.4\bin;C:\Program Files\Git\cmd;C:\Users\pjeno\AppData\Local\Microsoft\WindowsApps;;C:\Program Files\JetBrains\IntelliJ IDEA Community Edition 2021.3.2\bin;;C:\Users\pjeno\AppData\Local\Programs\Microsoft VS Code\bin
USERNAME=pjeno
OS=Windows_NT
PROCESSOR_IDENTIFIER=Intel64 Family 6 Model 142 Stepping 10, GenuineIntel



---------------  S Y S T E M  ---------------

OS: Windows 11 , 64 bit Build 22000 (10.0.22000.434)

CPU:total 8 (initial active 8) (4 cores per cpu, 2 threads per core) family 6 model 142 stepping 10, cmov, cx8, fxsr, mmx, sse, sse2, sse3, ssse3, sse4.1, sse4.2, popcnt, avx, avx2, aes, clmul, erms, 3dnowpref, lzcnt, ht, tsc, tscinvbit, bmi1, bmi2, adx

Memory: 4k page, physical 8303672k(179140k free), swap 16286388k(221972k free)

vm_info: Java HotSpot(TM) 64-Bit Server VM (25.321-b07) for windows-amd64 JRE (1.8.0_321-b07), built on Dec 15 2021 11:19:20 by "java_re" with MS VC++ 15.9 (VS2017)

time: Sat Mar 26 16:19:30 2022
timezone: Pacific Daylight Time
elapsed time: 14.132134 seconds (0d 0h 0m 14s)

